# JRE version: Java(TM) SE Runtime Environment (8.0_144-b01) (build 1.8.0_144-b01)
# Java VM: Java HotSpot(TM) 64-Bit Server VM (25.144-b01 mixed mode windows-amd64 compressed oops)
Heap:
 PSYoungGen      total 29184K, used 19056K [0x00000000eb100000, 0x00000000eea00000, 0x0000000100000000)
  eden space 28160K, 65% used [0x00000000eb100000,0x00000000ec2fc320,0x00000000ecc80000)
  from space 1024K, 62% used [0x00000000ee900000,0x00000000ee9a0000,0x00000000eea00000)
  to   space 1536K, 0% used [0x00000000ee700000,0x00000000ee700000,0x00000000ee880000)
 ParOldGen       total 44032K, used 6782K [0x00000000c1200000, 0x00000000c3d00000, 0x00000000eb100000)
  object space 44032K, 15% used [0x00000000c1200000,0x00000000c189fb78,0x00000000c3d00000)
 Metaspace       used 5631K, capacity 5979K, committed 6272K, reserved 1056768K
  class space    used 540K, capacity 560K, committed 640K, reserved 1048576K
GC Heap History (10 events):
Event: 81.173 GC heap before
{Heap before GC invocations=26 (full 0):
 PSYoungGen      total 31744K, used 31424K [0x00000000eb100000, 0x00000000eed80000, 0x0000000100000000)
  eden space 30720K, 100% used [0x00000000eb100000,0x00000000ecf00000,0x00000000ecf00000)
  from space 1024K, 68% used [0x00000000eea00000,0x00000000eeab0000,0x00000000eeb00000)
  to   space 2048K, 0% used [0x00000000eeb80000,0x00000000eeb80000,0x00000000eed80000)
 ParOldGen       total 44032K, used 5534K [0x00000000c1200000, 0x00000000c3d00000, 0x00000000eb100000)
  object space 44032K, 12% used [0x00000000c1200000,0x00000000c1767b18,0x00000000c3d00000)
 Metaspace       used 5621K, capacity 5979K, committed 6272K, reserved 1056768K
  class space    used 538K, capacity 560K, committed 640K, reserved 1048576K
Event: 81.198 GC heap after
Heap after GC invocations=26 (full 0):
 PSYoungGen      total 31232K, used 672K [0x00000000eb100000, 0x00000000eec80000, 0x0000000100000000)
  eden space 30208K, 0% used [0x00000000eb100000,0x00000000eb100000,0x00000000ece80000)
  from space 1024K, 65% used [0x00000000eeb80000,0x00000000eec28000,0x00000000eec80000)
  to   space 2048K, 0% used [0x00000000ee880000,0x00000000ee880000,0x00000000eea80000)
 ParOldGen       total 44032K, used 5766K [0x00000000c1200000, 0x00000000c3d00000, 0x00000000eb100000)
  object space 44032K, 13% used [0x00000000c1200000,0x00000000c17a1b28,0x00000000c3d00000)
 Metaspace       used 5621K, capacity 5979K, committed 6272K, reserved 1056768K
  class space    used 538K, capacity 560K, committed 640K, reserved 1048576K
}
Event: 85.262 GC heap before
{Heap before GC invocations=27 (full 0):
 PSYoungGen      total 31232K, used 30880K [0x00000000eb100000, 0x00000000eec80000, 0x0000000100000000)
  eden space 30208K, 100% used [0x00000000eb100000,0x00000000ece80000,0x00000000ece80000)
  from space 1024K, 65% used [0x00000000eeb80000,0x00000000eec28000,0x00000000eec80000)
  to   space 2048K, 0% used [0x00000000ee880000,0x00000000ee880000,0x00000000eea80000)
 ParOldGen       total 44032K, used 5766K [0x00000000c1200000, 0x00000000c3d00000, 0x00000000eb100000)
  object space 44032K, 13% used [0x00000000c1200000,0x00000000c17a1b28,0x00000000c3d00000)
 Metaspace       used 5621K, capacity 5979K, committed 6272K, reserved 1056768K
  class space    used 538K, capacity 560K, committed 640K, reserved 1048576K
Event: 85.290 GC heap after
Heap after GC invocations=27 (full 0):
 PSYoungGen      total 30720K, used 640K [0x00000000eb100000, 0x00000000eec00000, 0x0000000100000000)
  eden space 29696K, 0% used [0x00000000eb100000,0x00000000eb100000,0x00000000ece00000)
  from space 1024K, 62% used [0x00000000ee880000,0x00000000ee920000,0x00000000ee980000)
  to   space 2048K, 0% used [0x00000000eea00000,0x00000000eea00000,0x00000000eec00000)
 ParOldGen       total 44032K, used 5990K [0x00000000c1200000, 0x00000000c3d00000, 0x00000000eb100000)
  object space 44032K, 13% used [0x00000000c1200000,0x00000000c17d9b38,0x00000000c3d00000)
 Metaspace       used 5621K, capacity 5979K, committed 6272K, reserved 1056768K
  class space    used 538K, capacity 560K, committed 640K, reserved 1048576K
}
Event: 88.759 GC heap before
{Heap before GC invocations=28 (full 0):
 PSYoungGen      total 30720K, used 30336K [0x00000000eb100000, 0x00000000eec00000, 0x0000000100000000)
  eden space 29696K, 100% used [0x00000000eb100000,0x00000000ece00000,0x00000000ece00000)
  from space 1024K, 62% used [0x00000000ee880000,0x00000000ee920000,0x00000000ee980000)
  to   space 2048K, 0% used [0x00000000eea00000,0x00000000eea00000,0x00000000eec00000)
 ParOldGen       total 44032K, used 5990K [0x00000000c1200000, 0x00000000c3d00000, 0x00000000eb100000)
  object space 44032K, 13% used [0x00000000c1200000,0x00000000c17d9b38,0x00000000c3d00000)
 Metaspace       used 5621K, capacity 5979K, committed 6272K, reserved 1056768K
  class space    used 538K, capacity 560K, committed 640K, reserved 1048576K
Event: 88.786 GC heap after
Heap after GC invocations=28 (full 0):
 PSYoungGen      total 30208K, used 640K [0x00000000eb100000, 0x00000000eeb00000, 0x0000000100000000)
  eden space 29184K, 0% used [0x00000000eb100000,0x00000000eb100000,0x00000000ecd80000)
  from space 1024K, 62% used [0x00000000eea00000,0x00000000eeaa0000,0x00000000eeb00000)
  to   space 1536K, 0% used [0x00000000ee800000,0x00000000ee800000,0x00000000ee980000)
 ParOldGen       total 44032K, used 6214K [0x00000000c1200000, 0x00000000c3d00000, 0x00000000eb100000)
  object space 44032K, 14% used [0x00000000c1200000,0x00000000c1811b48,0x00000000c3d00000)
 Metaspace       used 5621K, capacity 5979K, committed 6272K, reserved 1056768K
  class space    used 538K, capacity 560K, committed 640K, reserved 1048576K
}
Event: 92.501 GC heap before
{Heap before GC invocations=29 (full 0):
 PSYoungGen      total 30208K, used 29824K [0x00000000eb100000, 0x00000000eeb00000, 0x0000000100000000)
  eden space 29184K, 100% used [0x00000000eb100000,0x00000000ecd80000,0x00000000ecd80000)
  from space 1024K, 62% used [0x00000000eea00000,0x00000000eeaa0000,0x00000000eeb00000)
  to   space 1536K, 0% used [0x00000000ee800000,0x00000000ee800000,0x00000000ee980000)
 ParOldGen       total 44032K, used 6214K [0x00000000c1200000, 0x00000000c3d00000, 0x00000000eb100000)
  object space 44032K, 14% used [0x00000000c1200000,0x00000000c1811b48,0x00000000c3d00000)
 Metaspace       used 5622K, capacity 5979K, committed 6272K, reserved 1056768K
  class space    used 539K, capacity 560K, committed 640K, reserved 1048576K
Event: 92.533 GC heap after
Heap after GC invocations=29 (full 0):
 PSYoungGen      total 29696K, used 768K [0x00000000eb100000, 0x00000000eea80000, 0x0000000100000000)
  eden space 28672K, 0% used [0x00000000eb100000,0x00000000eb100000,0x00000000ecd00000)
  from space 1024K, 75% used [0x00000000ee800000,0x00000000ee8c0010,0x00000000ee900000)
  to   space 1536K, 0% used [0x00000000ee900000,0x00000000ee900000,0x00000000eea80000)
 ParOldGen       total 44032K, used 6438K [0x00000000c1200000, 0x00000000c3d00000, 0x00000000eb100000)
  object space 44032K, 14% used [0x00000000c1200000,0x00000000c1849b58,0x00000000c3d00000)
 Metaspace       used 5622K, capacity 5979K, committed 6272K, reserved 1056768K
  class space    used 539K, capacity 560K, committed 640K, reserved 1048576K
}
Event: 101.760 GC heap before
{Heap before GC invocations=30 (full 0):
 PSYoungGen      total 29696K, used 29440K [0x00000000eb100000, 0x00000000eea80000, 0x0000000100000000)
  eden space 28672K, 100% used [0x00000000eb100000,0x00000000ecd00000,0x00000000ecd00000)
  from space 1024K, 75% used [0x00000000ee800000,0x00000000ee8c0010,0x00000000ee900000)
  to   space 1536K, 0% used [0x00000000ee900000,0x00000000ee900000,0x00000000eea80000)
 ParOldGen       total 44032K, used 6438K [0x00000000c1200000, 0x00000000c3d00000, 0x00000000eb100000)
  object space 44032K, 14% used [0x00000000c1200000,0x00000000c1849b58,0x00000000c3d00000)
 Metaspace       used 5622K, capacity 5979K, committed 6272K, reserved 1056768K
  class space    used 539K, capacity 560K, committed 640K, reserved 1048576K
Event: 101.862 GC heap after
Heap after GC invocations=30 (full 0):
 PSYoungGen      total 29184K, used 640K [0x00000000eb100000, 0x00000000eea00000, 0x0000000100000000)
  eden space 28160K, 0% used [0x00000000eb100000,0x00000000eb100000,0x00000000ecc80000)
  from space 1024K, 62% used [0x00000000ee900000,0x00000000ee9a0000,0x00000000eea00000)
  to   space 1536K, 0% used [0x00000000ee700000,0x00000000ee700000,0x00000000ee880000)
 ParOldGen       total 44032K, used 6782K [0x00000000c1200000, 0x00000000c3d00000, 0x00000000eb100000)
  object space 44032K, 15% used [0x00000000c1200000,0x00000000c189fb78,0x00000000c3d00000)
 Metaspace       used 5622K, capacity 5979K, committed 6272K, reserved 1056768K
  class space    used 539K, capacity 560K, committed 640K, reserved 1048576K
}

